[0.456s] Invoking command in '/home/gopi/urdf_docs/urdf1/src/cylinder': PYTHONPATH=/home/gopi/urdf_docs/urdf1/build/cylinder/prefix_override:/usr/lib/python3/dist-packages/colcon_core/task/python/colcon_distutils_commands:/home/gopi/urdf_docs/urdf1/install/cylinder/lib/python3.10/site-packages:${PYTHONPATH} /usr/bin/python3 -W ignore:setup.py install is deprecated setup.py egg_info --egg-base ../../build/cylinder build --build-base /home/gopi/urdf_docs/urdf1/build/cylinder/build install --record /home/gopi/urdf_docs/urdf1/build/cylinder/install.log --single-version-externally-managed install_data
[0.629s] running egg_info
[0.629s] writing ../../build/cylinder/cylinder.egg-info/PKG-INFO
[0.630s] writing dependency_links to ../../build/cylinder/cylinder.egg-info/dependency_links.txt
[0.630s] writing entry points to ../../build/cylinder/cylinder.egg-info/entry_points.txt
[0.630s] writing requirements to ../../build/cylinder/cylinder.egg-info/requires.txt
[0.630s] writing top-level names to ../../build/cylinder/cylinder.egg-info/top_level.txt
[0.631s] reading manifest file '../../build/cylinder/cylinder.egg-info/SOURCES.txt'
[0.632s] writing manifest file '../../build/cylinder/cylinder.egg-info/SOURCES.txt'
[0.632s] running build
[0.632s] running build_py
[0.632s] running install
[0.633s] running install_lib
[0.634s] running install_data
[0.634s] running install_egg_info
[0.636s] removing '/home/gopi/urdf_docs/urdf1/install/cylinder/lib/python3.10/site-packages/cylinder-0.0.0-py3.10.egg-info' (and everything under it)
[0.636s] Copying ../../build/cylinder/cylinder.egg-info to /home/gopi/urdf_docs/urdf1/install/cylinder/lib/python3.10/site-packages/cylinder-0.0.0-py3.10.egg-info
[0.637s] running install_scripts
[0.653s] writing list of installed files to '/home/gopi/urdf_docs/urdf1/build/cylinder/install.log'
[0.671s] Invoked command in '/home/gopi/urdf_docs/urdf1/src/cylinder' returned '0': PYTHONPATH=/home/gopi/urdf_docs/urdf1/build/cylinder/prefix_override:/usr/lib/python3/dist-packages/colcon_core/task/python/colcon_distutils_commands:/home/gopi/urdf_docs/urdf1/install/cylinder/lib/python3.10/site-packages:${PYTHONPATH} /usr/bin/python3 -W ignore:setup.py install is deprecated setup.py egg_info --egg-base ../../build/cylinder build --build-base /home/gopi/urdf_docs/urdf1/build/cylinder/build install --record /home/gopi/urdf_docs/urdf1/build/cylinder/install.log --single-version-externally-managed install_data
